This file contains any messages produced by compilers while
running configure, to aid debugging if configure makes a mistake.

It was created by harmonyFast configure 0.1.0, which was
generated by GNU Autoconf 2.69.  Invocation command line was

  $ ./configure 

## --------- ##
## Platform. ##
## --------- ##

hostname = cn009.research.partners.org
uname -m = x86_64
uname -r = 2.6.32-431.29.2.el6.x86_64
uname -s = Linux
uname -v = #1 SMP Sun Jul 27 15:55:46 EDT 2014

/usr/bin/uname -p = unknown
/bin/uname -X     = unknown

/bin/arch              = x86_64
/usr/bin/arch -k       = unknown
/usr/convex/getsysinfo = unknown
/usr/bin/hostinfo      = unknown
/bin/machine           = unknown
/usr/bin/oslevel       = unknown
/bin/universe          = unknown

PATH: /source/lzma/5.0.7//bin
PATH: /source/lzma/5.0.7/
PATH: /apps/lib-osver/pcre/8.38//bin
PATH: /apps/lib-osver/pcre/8.38/
PATH: /source/libcurl/7.35.0//bin
PATH: /source/libcurl/7.35.0/
PATH: /apps/source/zlib/1.2.8
PATH: /source/bzip2/1.0.6//bin
PATH: /source/bzip2/1.0.6/
PATH: /source/jdk/1.8.0//bin
PATH: /source/jdk/1.8.0/
PATH: /apps/lib-osver/gcc/7.1.0//libexec/gcc/x86_64-unknown-linux-gnu/7.1.0/
PATH: /apps/lib-osver/gcc/7.1.0//bin
PATH: /apps/lib-osver/gcc/7.1.0/
PATH: /apps/lib-osver/isl/0.16.1//bin
PATH: /apps/lib-osver/isl/0.16.1/
PATH: /source/gcc/4.9.2//libexec/gcc/x86_64-unknown-linux-gnu/4.9.2/
PATH: /source/gcc/4.9.2//bin
PATH: /source/gcc/4.9.2/
PATH: /source/mpc/1.0.2//bin
PATH: /source/mpc/1.0.2/
PATH: /apps/source/mpfr/3.1.2/examples
PATH: /apps/source/mpfr/3.1.2/tune
PATH: /apps/source/mpfr/3.1.2/tools
PATH: /apps/source/mpfr/3.1.2/tests
PATH: /apps/source/mpfr/3.1.2/src
PATH: /apps/source/mpfr/3.1.2/share
PATH: /apps/source/mpfr/3.1.2/include
PATH: /apps/source/mpfr/3.1.2/lib
PATH: /apps/source/mpfr/3.1.2/m4
PATH: /apps/source/mpfr/3.1.2
PATH: /source/gmp/6.0//bin
PATH: /source/gmp/6.0/
PATH: /usr/lib64/qt-3.3/bin
PATH: /PHShome/hp911/perl5/bin
PATH: /hptc_cluster/lsf/8.0/linux2.6-glibc2.3-x86_64/etc
PATH: /hptc_cluster/lsf/8.0/linux2.6-glibc2.3-x86_64/bin
PATH: /usr/local/bin
PATH: /bin
PATH: /usr/bin
PATH: /usr/local/sbin
PATH: /usr/sbin
PATH: /sbin
PATH: /opt/puppetlabs/bin


## ----------- ##
## Core tests. ##
## ----------- ##

configure:1833: creating ./config.status

## ---------------------- ##
## Running config.status. ##
## ---------------------- ##

This file was extended by harmonyFast config.status 0.1.0, which was
generated by GNU Autoconf 2.69.  Invocation command line was

  CONFIG_FILES    = 
  CONFIG_HEADERS  = 
  CONFIG_LINKS    = 
  CONFIG_COMMANDS = 
  $ ./config.status 

on cn009.research.partners.org

config.status:713: creating src/Makevars

## ---------------- ##
## Cache variables. ##
## ---------------- ##

ac_cv_env_build_alias_set=
ac_cv_env_build_alias_value=
ac_cv_env_host_alias_set=
ac_cv_env_host_alias_value=
ac_cv_env_target_alias_set=
ac_cv_env_target_alias_value=

## ----------------- ##
## Output variables. ##
## ----------------- ##

DEFS='-DPACKAGE_NAME=\"harmonyFast\" -DPACKAGE_TARNAME=\"harmonyfast\" -DPACKAGE_VERSION=\"0.1.0\" -DPACKAGE_STRING=\"harmonyFast\ 0.1.0\" -DPACKAGE_BUGREPORT=\"\" -DPACKAGE_URL=\"\"'
ECHO_C=''
ECHO_N='-n'
ECHO_T=''
LIBOBJS=''
LIBS=''
LTLIBOBJS=''
PACKAGE_BUGREPORT=''
PACKAGE_NAME='harmonyFast'
PACKAGE_STRING='harmonyFast 0.1.0'
PACKAGE_TARNAME='harmonyfast'
PACKAGE_URL=''
PACKAGE_VERSION='0.1.0'
PATH_SEPARATOR=':'
PKG_CXXFLAGS='-DUSE_FLOAT_TYPES=0'
SHELL='/bin/sh'
bindir='${exec_prefix}/bin'
build_alias=''
datadir='${datarootdir}'
datarootdir='${prefix}/share'
docdir='${datarootdir}/doc/${PACKAGE_TARNAME}'
dvidir='${docdir}'
exec_prefix='${prefix}'
host_alias=''
htmldir='${docdir}'
includedir='${prefix}/include'
infodir='${datarootdir}/info'
libdir='${exec_prefix}/lib'
libexecdir='${exec_prefix}/libexec'
localedir='${datarootdir}/locale'
localstatedir='${prefix}/var'
mandir='${datarootdir}/man'
oldincludedir='/usr/include'
pdfdir='${docdir}'
prefix='/usr/local'
program_transform_name='s,x,x,'
psdir='${docdir}'
sbindir='${exec_prefix}/sbin'
sharedstatedir='${prefix}/com'
sysconfdir='${prefix}/etc'
target_alias=''

## ----------- ##
## confdefs.h. ##
## ----------- ##

/* confdefs.h */
#define PACKAGE_NAME "harmonyFast"
#define PACKAGE_TARNAME "harmonyfast"
#define PACKAGE_VERSION "0.1.0"
#define PACKAGE_STRING "harmonyFast 0.1.0"
#define PACKAGE_BUGREPORT ""
#define PACKAGE_URL ""

configure: exit 0
